<?xml version="1.0" encoding="UTF-8"?>
<!-- Generated by org.testng.reporters.JUnitReportReporter -->
<testsuite hostname="DESKTOP-BKP4UOD" failures="0" tests="1" name="com.todos.tests.AddTodoTest" time="13.410" errors="0" timestamp="2021-10-19T22:55:38 CEST" skipped="0">
  <testcase classname="com.todos.tests.AddTodoTest" name="iCanAddTodo" time="13.410"/>
  <system-out/>
</testsuite> <!-- com.todos.tests.AddTodoTest -->
